app/build/intermediates/manifest_merge_blame_file/debug/manifest-merger-blame-debug-report.txt
1<?xml version="1.0" encoding="utf-8"?>
2<manifest xmlns:android="http://schemas.android.com/apk/res/android"
3    package="id.co.myproject.angkutapps_penumpang"
4    android:versionCode="1"
5    android:versionName="1.0" >
6
7    <uses-sdk
8        android:minSdkVersion="21"
8-->src\main\AndroidManifest.xml
9        android:targetSdkVersion="29" />
9-->src\main\AndroidManifest.xml
10
11    <!--
12         The ACCESS_COARSE/FINE_LOCATION permissions are not required to use
13         Google Maps Android API v2, but you must specify either coarse or fine
14         location permissions for the 'MyLocation' functionality.
15    -->
16    <uses-permission android:name="android.permission.ACCESS_FINE_LOCATION" />
16-->src\main\AndroidManifest.xml:10:5-79
16-->src\main\AndroidManifest.xml:10:22-76
17    <uses-permission android:name="android.permission.INTERNET" />
17-->src\main\AndroidManifest.xml:11:5-67
17-->src\main\AndroidManifest.xml:11:22-64
18    <uses-permission android:name="android.permission.SEND_SMS" />
18-->src\main\AndroidManifest.xml:12:5-67
18-->src\main\AndroidManifest.xml:12:22-64
19    <uses-permission android:name="android.permission.ACCESS_COARSE_LOCATION" />
19-->src\main\AndroidManifest.xml:13:5-81
19-->src\main\AndroidManifest.xml:13:22-78
20    <uses-permission android:name="android.permission.ACCESS_WIFI_STATE" /> <!-- Although the *SdkVersion is captured in gradle build files, this is required for non gradle builds -->
20-->[com.google.android.libraries.places:places:2.3.0] AndroidManifest.xml:10:5-76
20-->[com.google.android.libraries.places:places:2.3.0] AndroidManifest.xml:10:22-73
21    <!-- <uses-sdk android:minSdkVersion="14"/> -->
22    <uses-permission android:name="android.permission.ACCESS_NETWORK_STATE" />
22-->[com.google.firebase:firebase-database:19.3.0] AndroidManifest.xml:25:5-79
22-->[com.google.firebase:firebase-database:19.3.0] AndroidManifest.xml:25:22-76
23
24    <uses-feature
24-->[com.google.android.gms:play-services-maps:17.0.0] AndroidManifest.xml:26:5-28:35
25        android:glEsVersion="0x00020000"
25-->[com.google.android.gms:play-services-maps:17.0.0] AndroidManifest.xml:27:9-41
26        android:required="true" />
26-->[com.google.android.gms:play-services-maps:17.0.0] AndroidManifest.xml:28:9-32
27
28    <uses-permission android:name="android.permission.WAKE_LOCK" /> <!-- Required by older versions of Google Play services to create IID tokens -->
28-->[com.google.firebase:firebase-iid:20.2.0] AndroidManifest.xml:24:5-68
28-->[com.google.firebase:firebase-iid:20.2.0] AndroidManifest.xml:24:22-65
29    <uses-permission android:name="com.google.android.c2dm.permission.RECEIVE" />
29-->[com.google.firebase:firebase-iid:20.2.0] AndroidManifest.xml:26:5-82
29-->[com.google.firebase:firebase-iid:20.2.0] AndroidManifest.xml:26:22-79
30
31    <application
31-->src\main\AndroidManifest.xml:15:5-71:19
32        android:allowBackup="true"
32-->src\main\AndroidManifest.xml:16:9-35
33        android:appComponentFactory="androidx.core.app.CoreComponentFactory"
33-->[androidx.core:core:1.2.0] AndroidManifest.xml:24:18-86
34        android:debuggable="true"
35        android:icon="@mipmap/ic_launcher"
35-->src\main\AndroidManifest.xml:17:9-43
36        android:label="@string/app_name"
36-->src\main\AndroidManifest.xml:18:9-41
37        android:roundIcon="@mipmap/ic_launcher_round"
37-->src\main\AndroidManifest.xml:19:9-54
38        android:supportsRtl="true"
38-->src\main\AndroidManifest.xml:20:9-35
39        android:testOnly="true"
40        android:theme="@style/AppTheme"
40-->src\main\AndroidManifest.xml:21:9-40
41        android:usesCleartextTraffic="true" >
41-->src\main\AndroidManifest.xml:22:9-44
42
43        <!--
44             The API key for Google Maps-based APIs is defined as a string resource.
45             (See the file "res/values/google_maps_api.xml").
46             Note that the API key is linked to the encryption key used to sign the APK.
47             You need a different API key for each encryption key, including the release key that is used to
48             sign the APK for publishing.
49             You can define the keys for the debug and release targets in src/debug/ and src/release/.
50        -->
51        <meta-data
51-->src\main\AndroidManifest.xml:32:9-34:55
52            android:name="com.google.android.geo.API_KEY"
52-->src\main\AndroidManifest.xml:33:13-58
53            android:value="@string/google_maps_key" />
53-->src\main\AndroidManifest.xml:34:13-52
54
55        <activity
55-->src\main\AndroidManifest.xml:36:9-38:72
56            android:name="id.co.myproject.angkutapps_penumpang.view.tracking.TrackingActivity"
56-->src\main\AndroidManifest.xml:37:13-59
57            android:label="@string/title_activity_tracking" />
57-->src\main\AndroidManifest.xml:38:13-60
58        <activity android:name="id.co.myproject.angkutapps_penumpang.view.payment.TransferActivity" />
58-->src\main\AndroidManifest.xml:39:9-67
58-->src\main\AndroidManifest.xml:39:19-64
59        <activity android:name="id.co.myproject.angkutapps_penumpang.view.payment.TopupActivity" />
59-->src\main\AndroidManifest.xml:40:9-64
59-->src\main\AndroidManifest.xml:40:19-61
60        <activity android:name="id.co.myproject.angkutapps_penumpang.view.payment.RiwayatActivity" />
60-->src\main\AndroidManifest.xml:41:9-66
60-->src\main\AndroidManifest.xml:41:19-63
61        <activity android:name="id.co.myproject.angkutapps_penumpang.view.profil.ProfilUser" />
61-->src\main\AndroidManifest.xml:42:9-60
61-->src\main\AndroidManifest.xml:42:19-57
62        <activity android:name="id.co.myproject.angkutapps_penumpang.view.tracking.PembayaranActivity" />
62-->src\main\AndroidManifest.xml:43:9-70
62-->src\main\AndroidManifest.xml:43:19-67
63        <activity android:name="id.co.myproject.angkutapps_penumpang.view.profil.PemilihanBahasa" />
63-->src\main\AndroidManifest.xml:44:9-65
63-->src\main\AndroidManifest.xml:44:19-62
64        <activity android:name="id.co.myproject.angkutapps_penumpang.view.profil.KontakDarurat" />
64-->src\main\AndroidManifest.xml:45:9-63
64-->src\main\AndroidManifest.xml:45:19-60
65        <activity android:name="id.co.myproject.angkutapps_penumpang.view.profil.Pengaturan" />
65-->src\main\AndroidManifest.xml:46:9-60
65-->src\main\AndroidManifest.xml:46:19-57
66        <activity android:name="id.co.myproject.angkutapps_penumpang.view.profil.Penjadwalan" />
66-->src\main\AndroidManifest.xml:47:9-61
66-->src\main\AndroidManifest.xml:47:19-58
67        <activity android:name="id.co.myproject.angkutapps_penumpang.view.profil.LokasiDitandai" />
67-->src\main\AndroidManifest.xml:48:9-64
67-->src\main\AndroidManifest.xml:48:19-61
68        <activity
68-->src\main\AndroidManifest.xml:49:9-51:68
69            android:name="id.co.myproject.angkutapps_penumpang.view.tracking.KeberangkatanActivity"
69-->src\main\AndroidManifest.xml:50:13-64
70            android:label="@string/title_activity_keberangkatan" />
70-->src\main\AndroidManifest.xml:51:13-65
71        <activity android:name="id.co.myproject.angkutapps_penumpang.view.login.LoginActivity" >
71-->src\main\AndroidManifest.xml:52:9-58:20
71-->src\main\AndroidManifest.xml:52:19-59
72            <intent-filter>
72-->src\main\AndroidManifest.xml:53:13-57:29
73                <action android:name="android.intent.action.MAIN" />
73-->src\main\AndroidManifest.xml:54:17-69
73-->src\main\AndroidManifest.xml:54:25-66
74
75                <category android:name="android.intent.category.LAUNCHER" />
75-->src\main\AndroidManifest.xml:56:17-77
75-->src\main\AndroidManifest.xml:56:27-74
76            </intent-filter>
77        </activity>
78        <activity android:name="id.co.myproject.angkutapps_penumpang.view.MainActivity" />
78-->src\main\AndroidManifest.xml:59:9-55
78-->src\main\AndroidManifest.xml:59:19-52
79
80        <!-- <service android:name=".service.MyFirebaseIdService"> -->
81        <!-- <intent-filter> -->
82        <!-- <action android:name="com.google.firebase.INSTANCE_ID_EVENT" /> -->
83        <!-- </intent-filter> -->
84        <!-- </service> -->
85        <service android:name="id.co.myproject.angkutapps_penumpang.service.MyFirebaseMessaging" >
85-->src\main\AndroidManifest.xml:66:9-70:19
85-->src\main\AndroidManifest.xml:66:18-61
86            <intent-filter>
86-->src\main\AndroidManifest.xml:67:13-69:29
87                <action android:name="com.google.firebase.MESSAGING_EVENT" />
87-->src\main\AndroidManifest.xml:68:17-78
87-->src\main\AndroidManifest.xml:68:25-75
88            </intent-filter>
89        </service>
90
91        <activity
91-->[com.google.android.libraries.places:places:2.3.0] AndroidManifest.xml:14:9-20:20
92            android:name="com.google.android.libraries.places.widget.AutocompleteActivity"
92-->[com.google.android.libraries.places:places:2.3.0] AndroidManifest.xml:15:13-91
93            android:exported="false"
93-->[com.google.android.libraries.places:places:2.3.0] AndroidManifest.xml:16:13-37
94            android:label="@string/places_autocomplete_label"
94-->[com.google.android.libraries.places:places:2.3.0] AndroidManifest.xml:17:13-62
95            android:theme="@style/PlacesAutocompleteOverlay"
95-->[com.google.android.libraries.places:places:2.3.0] AndroidManifest.xml:18:13-61
96            android:windowSoftInputMode="adjustResize" >
96-->[com.google.android.libraries.places:places:2.3.0] AndroidManifest.xml:19:13-55
97        </activity>
98
99        <service
99-->[com.google.firebase:firebase-database:19.3.0] AndroidManifest.xml:29:9-35:19
100            android:name="com.google.firebase.components.ComponentDiscoveryService"
100-->[com.google.firebase:firebase-database:19.3.0] AndroidManifest.xml:30:13-84
101            android:directBootAware="true"
101-->[com.google.firebase:firebase-common:19.3.0] AndroidManifest.xml:34:13-43
102            android:exported="false" >
102-->[com.google.firebase:firebase-database:19.3.0] AndroidManifest.xml:31:13-37
103            <meta-data
103-->[com.google.firebase:firebase-database:19.3.0] AndroidManifest.xml:32:13-34:85
104                android:name="com.google.firebase.components:com.google.firebase.database.DatabaseRegistrar"
104-->[com.google.firebase:firebase-database:19.3.0] AndroidManifest.xml:33:17-109
105                android:value="com.google.firebase.components.ComponentRegistrar" />
105-->[com.google.firebase:firebase-database:19.3.0] AndroidManifest.xml:34:17-82
106            <meta-data
106-->[com.google.firebase:firebase-auth:19.3.1] AndroidManifest.xml:36:13-38:85
107                android:name="com.google.firebase.components:com.google.firebase.auth.FirebaseAuthRegistrar"
107-->[com.google.firebase:firebase-auth:19.3.1] AndroidManifest.xml:37:17-109
108                android:value="com.google.firebase.components.ComponentRegistrar" />
108-->[com.google.firebase:firebase-auth:19.3.1] AndroidManifest.xml:38:17-82
109            <meta-data
109-->[com.google.firebase:firebase-messaging:20.2.0] AndroidManifest.xml:39:13-41:85
110                android:name="com.google.firebase.components:com.google.firebase.messaging.FirebaseMessagingRegistrar"
110-->[com.google.firebase:firebase-messaging:20.2.0] AndroidManifest.xml:40:17-119
111                android:value="com.google.firebase.components.ComponentRegistrar" />
111-->[com.google.firebase:firebase-messaging:20.2.0] AndroidManifest.xml:41:17-82
112            <meta-data
112-->[com.google.firebase:firebase-iid:20.2.0] AndroidManifest.xml:32:13-34:85
113                android:name="com.google.firebase.components:com.google.firebase.iid.Registrar"
113-->[com.google.firebase:firebase-iid:20.2.0] AndroidManifest.xml:33:17-96
114                android:value="com.google.firebase.components.ComponentRegistrar" />
114-->[com.google.firebase:firebase-iid:20.2.0] AndroidManifest.xml:34:17-82
115            <meta-data
115-->[com.google.firebase:firebase-datatransport:17.0.3] AndroidManifest.xml:28:13-30:85
116                android:name="com.google.firebase.components:com.google.firebase.datatransport.TransportRegistrar"
116-->[com.google.firebase:firebase-datatransport:17.0.3] AndroidManifest.xml:29:17-115
117                android:value="com.google.firebase.components.ComponentRegistrar" />
117-->[com.google.firebase:firebase-datatransport:17.0.3] AndroidManifest.xml:30:17-82
118            <meta-data
118-->[com.google.firebase:firebase-installations:16.3.1] AndroidManifest.xml:17:13-19:85
119                android:name="com.google.firebase.components:com.google.firebase.installations.FirebaseInstallationsRegistrar"
119-->[com.google.firebase:firebase-installations:16.3.1] AndroidManifest.xml:18:17-127
120                android:value="com.google.firebase.components.ComponentRegistrar" />
120-->[com.google.firebase:firebase-installations:16.3.1] AndroidManifest.xml:19:17-82
121        </service>
122
123        <activity
123-->[com.google.firebase:firebase-auth:19.3.1] AndroidManifest.xml:24:9-31:50
124            android:name="com.google.firebase.auth.internal.FederatedSignInActivity"
124-->[com.google.firebase:firebase-auth:19.3.1] AndroidManifest.xml:25:13-85
125            android:excludeFromRecents="true"
125-->[com.google.firebase:firebase-auth:19.3.1] AndroidManifest.xml:26:13-46
126            android:exported="true"
126-->[com.google.firebase:firebase-auth:19.3.1] AndroidManifest.xml:27:13-36
127            android:launchMode="singleTask"
127-->[com.google.firebase:firebase-auth:19.3.1] AndroidManifest.xml:28:13-44
128            android:permission="com.google.firebase.auth.api.gms.permission.LAUNCH_FEDERATED_SIGN_IN"
128-->[com.google.firebase:firebase-auth:19.3.1] AndroidManifest.xml:29:13-102
129            android:theme="@android:style/Theme.Translucent.NoTitleBar" /> <!-- Needs to be explicitly declared on P+ -->
129-->[com.google.firebase:firebase-auth:19.3.1] AndroidManifest.xml:30:13-72
130        <uses-library
130-->[com.google.android.gms:play-services-maps:17.0.0] AndroidManifest.xml:33:9-35:40
131            android:name="org.apache.http.legacy"
131-->[com.google.android.gms:play-services-maps:17.0.0] AndroidManifest.xml:34:13-50
132            android:required="false" />
132-->[com.google.android.gms:play-services-maps:17.0.0] AndroidManifest.xml:35:13-37
133        <!--
134             FirebaseMessagingService performs security checks at runtime,
135             but set to not exported to explicitly avoid allowing another app to call it.
136        -->
137        <service
137-->[com.google.firebase:firebase-messaging:20.2.0] AndroidManifest.xml:28:9-35:19
138            android:name="com.google.firebase.messaging.FirebaseMessagingService"
138-->[com.google.firebase:firebase-messaging:20.2.0] AndroidManifest.xml:29:13-82
139            android:directBootAware="true"
139-->[com.google.firebase:firebase-messaging:20.2.0] AndroidManifest.xml:30:13-43
140            android:exported="false" >
140-->[com.google.firebase:firebase-messaging:20.2.0] AndroidManifest.xml:31:13-37
141            <intent-filter android:priority="-500" >
141-->src\main\AndroidManifest.xml:67:13-69:29
142                <action android:name="com.google.firebase.MESSAGING_EVENT" />
142-->src\main\AndroidManifest.xml:68:17-78
142-->src\main\AndroidManifest.xml:68:25-75
143            </intent-filter>
144        </service>
145
146        <receiver
146-->[com.google.firebase:firebase-iid:20.2.0] AndroidManifest.xml:37:9-44:20
147            android:name="com.google.firebase.iid.FirebaseInstanceIdReceiver"
147-->[com.google.firebase:firebase-iid:20.2.0] AndroidManifest.xml:38:13-78
148            android:exported="true"
148-->[com.google.firebase:firebase-iid:20.2.0] AndroidManifest.xml:39:13-36
149            android:permission="com.google.android.c2dm.permission.SEND" >
149-->[com.google.firebase:firebase-iid:20.2.0] AndroidManifest.xml:40:13-73
150            <intent-filter>
150-->[com.google.firebase:firebase-iid:20.2.0] AndroidManifest.xml:41:13-43:29
151                <action android:name="com.google.android.c2dm.intent.RECEIVE" />
151-->[com.google.firebase:firebase-iid:20.2.0] AndroidManifest.xml:42:17-81
151-->[com.google.firebase:firebase-iid:20.2.0] AndroidManifest.xml:42:25-78
152            </intent-filter>
153        </receiver>
154
155        <activity
155-->[com.google.android.gms:play-services-base:17.2.1] AndroidManifest.xml:23:9-26:75
156            android:name="com.google.android.gms.common.api.GoogleApiActivity"
156-->[com.google.android.gms:play-services-base:17.2.1] AndroidManifest.xml:24:13-79
157            android:exported="false"
157-->[com.google.android.gms:play-services-base:17.2.1] AndroidManifest.xml:25:13-37
158            android:theme="@android:style/Theme.Translucent.NoTitleBar" />
158-->[com.google.android.gms:play-services-base:17.2.1] AndroidManifest.xml:26:13-72
159
160        <meta-data
160-->[com.google.maps.android:android-maps-utils:0.5] AndroidManifest.xml:8:9-10:69
161            android:name="com.google.android.gms.version"
161-->[com.google.maps.android:android-maps-utils:0.5] AndroidManifest.xml:9:13-58
162            android:value="@integer/google_play_services_version" />
162-->[com.google.maps.android:android-maps-utils:0.5] AndroidManifest.xml:10:13-66
163
164        <service
164-->[androidx.room:room-runtime:2.2.5] AndroidManifest.xml:25:9-28:40
165            android:name="androidx.room.MultiInstanceInvalidationService"
165-->[androidx.room:room-runtime:2.2.5] AndroidManifest.xml:26:13-74
166            android:directBootAware="true"
166-->[androidx.room:room-runtime:2.2.5] AndroidManifest.xml:27:13-43
167            android:exported="false" />
167-->[androidx.room:room-runtime:2.2.5] AndroidManifest.xml:28:13-37
168
169        <provider
169-->[com.google.firebase:firebase-common:19.3.0] AndroidManifest.xml:26:9-30:39
170            android:name="com.google.firebase.provider.FirebaseInitProvider"
170-->[com.google.firebase:firebase-common:19.3.0] AndroidManifest.xml:27:13-77
171            android:authorities="id.co.myproject.angkutapps_penumpang.firebaseinitprovider"
171-->[com.google.firebase:firebase-common:19.3.0] AndroidManifest.xml:28:13-72
172            android:exported="false"
172-->[com.google.firebase:firebase-common:19.3.0] AndroidManifest.xml:29:13-37
173            android:initOrder="100" />
173-->[com.google.firebase:firebase-common:19.3.0] AndroidManifest.xml:30:13-36
174
175        <service
175-->[com.google.android.datatransport:transport-backend-cct:2.2.0] AndroidManifest.xml:29:9-35:19
176            android:name="com.google.android.datatransport.runtime.backends.TransportBackendDiscovery"
176-->[com.google.android.datatransport:transport-backend-cct:2.2.0] AndroidManifest.xml:30:13-103
177            android:exported="false" >
177-->[com.google.android.datatransport:transport-backend-cct:2.2.0] AndroidManifest.xml:31:13-37
178            <meta-data
178-->[com.google.android.datatransport:transport-backend-cct:2.2.0] AndroidManifest.xml:32:13-34:39
179                android:name="backend:com.google.android.datatransport.cct.CctBackendFactory"
179-->[com.google.android.datatransport:transport-backend-cct:2.2.0] AndroidManifest.xml:33:17-94
180                android:value="cct" />
180-->[com.google.android.datatransport:transport-backend-cct:2.2.0] AndroidManifest.xml:34:17-36
181        </service>
182        <service
182-->[com.google.android.datatransport:transport-runtime:2.2.0] AndroidManifest.xml:26:9-30:19
183            android:name="com.google.android.datatransport.runtime.scheduling.jobscheduling.JobInfoSchedulerService"
183-->[com.google.android.datatransport:transport-runtime:2.2.0] AndroidManifest.xml:27:13-117
184            android:exported="false"
184-->[com.google.android.datatransport:transport-runtime:2.2.0] AndroidManifest.xml:28:13-37
185            android:permission="android.permission.BIND_JOB_SERVICE" >
185-->[com.google.android.datatransport:transport-runtime:2.2.0] AndroidManifest.xml:29:13-69
186        </service>
187
188        <receiver
188-->[com.google.android.datatransport:transport-runtime:2.2.0] AndroidManifest.xml:32:9-34:40
189            android:name="com.google.android.datatransport.runtime.scheduling.jobscheduling.AlarmManagerSchedulerBroadcastReceiver"
189-->[com.google.android.datatransport:transport-runtime:2.2.0] AndroidManifest.xml:33:13-132
190            android:exported="false" />
190-->[com.google.android.datatransport:transport-runtime:2.2.0] AndroidManifest.xml:34:13-37
191
192        <provider
192-->[androidx.lifecycle:lifecycle-process:2.1.0] AndroidManifest.xml:23:9-27:43
193            android:name="androidx.lifecycle.ProcessLifecycleOwnerInitializer"
193-->[androidx.lifecycle:lifecycle-process:2.1.0] AndroidManifest.xml:24:13-79
194            android:authorities="id.co.myproject.angkutapps_penumpang.lifecycle-process"
194-->[androidx.lifecycle:lifecycle-process:2.1.0] AndroidManifest.xml:25:13-69
195            android:exported="false"
195-->[androidx.lifecycle:lifecycle-process:2.1.0] AndroidManifest.xml:26:13-37
196            android:multiprocess="true" />
196-->[androidx.lifecycle:lifecycle-process:2.1.0] AndroidManifest.xml:27:13-40
197    </application>
198
199</manifest>